<?xml version="1.0" encoding="UTF-8"?>
<!-- Generated by org.testng.reporters.JUnitReportReporter -->
<testsuite hostname="balineni" failures="0" tests="2" name="test.TestNgHook" time="0.006" errors="0" timestamp="2022-04-16T15:22:00 IST" skipped="0">
  <testcase classname="test.TestNgHook" name="test2" time="0.002"/>
  <system-out/>
  <testcase classname="test.TestNgHook" name="test1" time="0.004"/>
  <system-out/>
</testsuite> <!-- test.TestNgHook -->
