<?xml version="1.0" encoding="UTF-8"?>
<!-- Generated by org.testng.reporters.JUnitReportReporter -->
<testsuite hostname="balineni" failures="0" tests="2" name="test.ProductServiceTest" time="0.004" errors="0" timestamp="2022-04-16T15:22:00 IST" skipped="0">
  <testcase classname="test.ProductServiceTest" name="storeProductTest" time="0.001"/>
  <system-out/>
  <testcase classname="test.ProductServiceTest" name="findProductTest" time="0.003"/>
  <system-out/>
</testsuite> <!-- test.ProductServiceTest -->
