<?xml version="1.0" encoding="UTF-8"?>
<!-- Generated by org.testng.reporters.JUnitReportReporter -->
<testsuite hostname="balineni" failures="0" tests="3" name="test.BikeTest" time="0.001" errors="0" timestamp="2022-04-16T15:22:00 IST" skipped="0">
  <testcase classname="test.BikeTest" name="bikeColor" time="0.000"/>
  <system-out/>
  <testcase classname="test.BikeTest" name="bikePrice" time="0.000"/>
  <system-out/>
  <testcase classname="test.BikeTest" name="bikeLoan" time="0.001"/>
  <system-out/>
</testsuite> <!-- test.BikeTest -->
